<?xml version="1.0" encoding="UTF-8"?>
<!-- Generated by org.testng.reporters.JUnitXMLReporter -->
<testsuite ignored="0" hostname="GK" failures="0" tests="3" name="Default test" time="34.238" errors="0" timestamp="2025-02-17T20:53:54 IST">
  <testcase classname="tests.BaseTestMain" name="testLogin" time="4.862"/>
  <testcase classname="tests.BaseTestMain" name="addPatient" time="16.967"/>
  <testcase classname="tests.BaseTestMain" name="Appointment" time="10.05"/>
</testsuite> <!-- Default test -->
