<?xml version="1.0" encoding="UTF-8"?>
<testng-results ignored="0" total="3" passed="3" failed="0" skipped="0">
  <reporter-output>
  </reporter-output>
  <suite started-at="2025-02-17T20:53:19 IST" name="Default suite" finished-at="2025-02-17T20:53:54 IST" duration-ms="34238">
    <groups>
    </groups>
    <test started-at="2025-02-17T20:53:19 IST" name="Default test" finished-at="2025-02-17T20:53:54 IST" duration-ms="34238">
      <class name="tests.BaseTestMain">
        <test-method is-config="true" signature="setup()[pri:0, instance:tests.BaseTestMain@1aafa419]" started-at="2025-02-17T20:53:19 IST" name="setup" finished-at="2025-02-17T20:53:21 IST" duration-ms="2097" status="PASS">
          <reporter-output>
          </reporter-output>
        </test-method> <!-- setup -->
        <test-method signature="testLogin()[pri:1, instance:tests.BaseTestMain@1aafa419]" started-at="2025-02-17T20:53:21 IST" name="testLogin" finished-at="2025-02-17T20:53:26 IST" duration-ms="4862" status="PASS">
          <reporter-output>
          </reporter-output>
        </test-method> <!-- testLogin -->
        <test-method signature="addPatient()[pri:2, instance:tests.BaseTestMain@1aafa419]" started-at="2025-02-17T20:53:26 IST" name="addPatient" finished-at="2025-02-17T20:53:43 IST" duration-ms="16967" status="PASS">
          <reporter-output>
          </reporter-output>
        </test-method> <!-- addPatient -->
        <test-method signature="Appointment()[pri:3, instance:tests.BaseTestMain@1aafa419]" started-at="2025-02-17T20:53:43 IST" name="Appointment" finished-at="2025-02-17T20:53:53 IST" duration-ms="10050" status="PASS">
          <reporter-output>
          </reporter-output>
        </test-method> <!-- Appointment -->
        <test-method is-config="true" signature="quitBrowser()[pri:0, instance:tests.BaseTestMain@1aafa419]" started-at="2025-02-17T20:53:53 IST" name="quitBrowser" finished-at="2025-02-17T20:53:54 IST" duration-ms="199" status="PASS">
          <reporter-output>
          </reporter-output>
        </test-method> <!-- quitBrowser -->
      </class> <!-- tests.BaseTestMain -->
    </test> <!-- Default test -->
  </suite> <!-- Default suite -->
</testng-results>
