<?xml version="1.0" encoding="UTF-8"?>
<testng-results ignored="0" total="2" passed="2" failed="0" skipped="0">
  <reporter-output>
  </reporter-output>
  <suite started-at="2025-02-12T15:30:28 IST" name="Default suite" finished-at="2025-02-12T15:30:49 IST" duration-ms="20411">
    <groups>
    </groups>
    <test started-at="2025-02-12T15:30:28 IST" name="Default test" finished-at="2025-02-12T15:30:49 IST" duration-ms="20411">
      <class name="tests.BaseTest">
        <test-method is-config="true" signature="setup()[pri:0, instance:tests.BaseTest@4218d6a3]" started-at="2025-02-12T15:30:29 IST" name="setup" finished-at="2025-02-12T15:30:37 IST" duration-ms="8758" status="PASS">
          <reporter-output>
          </reporter-output>
        </test-method> <!-- setup -->
        <test-method signature="testLogin()[pri:1, instance:tests.BaseTest@4218d6a3]" started-at="2025-02-12T15:30:37 IST" name="testLogin" finished-at="2025-02-12T15:30:38 IST" duration-ms="1165" status="PASS">
          <reporter-output>
          </reporter-output>
        </test-method> <!-- testLogin -->
        <test-method signature="addPatient()[pri:2, instance:tests.BaseTest@4218d6a3]" started-at="2025-02-12T15:30:38 IST" name="addPatient" finished-at="2025-02-12T15:30:49 IST" duration-ms="10420" status="PASS">
          <reporter-output>
          </reporter-output>
        </test-method> <!-- addPatient -->
        <test-method is-config="true" signature="quitBrowser()[pri:0, instance:tests.BaseTest@4218d6a3]" started-at="2025-02-12T15:30:49 IST" name="quitBrowser" finished-at="2025-02-12T15:30:49 IST" duration-ms="1" status="PASS">
          <reporter-output>
          </reporter-output>
        </test-method> <!-- quitBrowser -->
      </class> <!-- tests.BaseTest -->
    </test> <!-- Default test -->
  </suite> <!-- Default suite -->
</testng-results>
